[INFO]  ================================================================================
[INFO]          Intel(R) CoFluent(TM) Studio - Intel Corporation
[INFO]      C++ Modeling Library for SystemC/TLM2 (SCL) version 8.1.0-r1 (release)
[INFO]  --------------------------------------------------------------------------------
[INFO]                      Thu Nov 18 11:57:51 2021
[INFO]  ================================================================================
[INFO]  
[INFO]  0 ns:{pre-elaboration}> Simulation context: simulator = <C:\Users\wmei\Workspace\dphelper\extra\bin\sample_compute_die_8x8_top.exe>
[INFO]  0 ns:{pre-elaboration}> Simulation context: default path = <C:\Users\wmei\Workspace\dphelper\extra\run\2021-11-18T03.57.50.861Z\2>
[INFO]  0 ns:{pre-elaboration}> License check OK
[INFO]  0 ns:{pre-elaboration}> parsing design parameter's values input file <C:\Users\wmei\Workspace\dphelper\extra\dps\gen\cofs_dp_gen2.csv>
[INFO]  0 ns:{pre-elaboration}> stream file C:\Users\wmei\Workspace\dphelper\extra\stream\gen-streams\stream1.json loaded as stream ops.
[INFO]  0 ns:{post-elaboration}> Monitoring manager:  monitoring configuration skipped, default input file not found <C:\Users\wmei\Workspace\dphelper\extra\run\2021-11-18T03.57.50.861Z\2\cofs_mon_probes.csv>
[INFO]  0 ns:/sample_compute_die_8x8_top/compute_die/node_0_2/Node/TBIP/tbip_agent0/producer[0]/init> D0_0_2_A0[0] init done. 1 streams
[INFO]  0 ns:/sample_compute_die_8x8_top/compute_die/node_0_5/Node/TBIP/tbip_agent0/producer[0]/init> D0_0_5_A0[0] init done. 1 streams
[INFO]  0 ns:/sample_compute_die_8x8_top/compute_die/node_1_3/Node/TBIP/tbip_agent0/producer[0]/init> D0_1_3_A0[0] init done. 1 streams
[INFO]  0 ns:/sample_compute_die_8x8_top/compute_die/node_1_6/Node/TBIP/tbip_agent0/producer[0]/init> D0_1_6_A0[0] init done. 1 streams
[INFO]  0 ns:/sample_compute_die_8x8_top/compute_die/node_2_3/Node/TBIP/tbip_agent0/producer[0]/init> D0_2_3_A0[0] init done. 1 streams
[INFO]  0 ns:/sample_compute_die_8x8_top/compute_die/node_2_7/Node/TBIP/tbip_agent0/producer[0]/init> D0_2_7_A0[0] init done. 1 streams
[INFO]  0 ns:/sample_compute_die_8x8_top/compute_die/node_3_3/Node/TBIP/tbip_agent0/producer[0]/init> D0_3_3_A0[0] init done. 1 streams
[INFO]  0 ns:/sample_compute_die_8x8_top/compute_die/node_3_7/Node/TBIP/tbip_agent0/producer[0]/init> D0_3_7_A0[0] init done. 1 streams
[INFO]  0 ns:/sample_compute_die_8x8_top/compute_die/node_4_3/Node/TBIP/tbip_agent0/producer[0]/init> D0_4_3_A0[0] init done. 1 streams
[INFO]  0 ns:/sample_compute_die_8x8_top/compute_die/node_4_7/Node/TBIP/tbip_agent0/producer[0]/init> D0_4_7_A0[0] init done. 1 streams
[INFO]  0 ns:/sample_compute_die_8x8_top/compute_die/node_5_3/Node/TBIP/tbip_agent0/producer[0]/init> D0_5_3_A0[0] init done. 1 streams
[INFO]  0 ns:/sample_compute_die_8x8_top/compute_die/node_5_7/Node/TBIP/tbip_agent0/producer[0]/init> D0_5_7_A0[0] init done. 1 streams
[INFO]  0 ns:/sample_compute_die_8x8_top/compute_die/node_7_0/Node/TBIP/tbip_agent0/producer[0]/init> D0_7_0_A0[0] init done. 1 streams
[INFO]  0 ns:/sample_compute_die_8x8_top/compute_die/node_7_4/Node/TBIP/tbip_agent0/producer[0]/init> D0_7_4_A0[0] init done. 1 streams
[INFO]  89.025 ns:/sample_compute_die_8x8_top/compute_die/node_3_5/Node/CMS/left2right[2]/lr/routing> reserved a slot, packet_id = RT_C_RT_D0_0_2_A0[0]|batch0|ad_0|D0_3_6_A1|F0
[INFO]  98.025 ns:/sample_compute_die_8x8_top/compute_die/node_4_5/Node/CMS/left2right[2]/lr/routing> reserved a slot, packet_id = RT_C_RT_D0_7_0_A0[0]|batch0|ad_0|D0_4_6_A1|F0
[INFO]  98.525 ns:/sample_compute_die_8x8_top/compute_die/node_3_1/Node/CMS/right2left[2]/rl/routing> reserved a slot, packet_id = RT_C_RT_D0_5_3_A0[0]|batch0|ad_0|D0_3_0_A1|F0
[INFO]  99.025 ns:/sample_compute_die_8x8_top/compute_die/node_4_3/Node/CMS/left2right[2]/lr/routing> reserved a slot, packet_id = RT_C_RT_D0_5_7_A0[0]|batch0|ad_0|D0_4_6_A1|F0
[INFO]  100.525 ns:/sample_compute_die_8x8_top/compute_die/node_4_4/Node/CMS/left2right[2]/lr/routing> reserved a slot, packet_id = RT_C_RT_D0_5_3_A0[0]|batch0|ad_0|D0_4_6_A1|F0
[INFO]  109.525 ns:/sample_compute_die_8x8_top/compute_die/node_0_5/Node/CMS/right2left[2]/rl/routing> reserved a slot, packet_id = RT_C_RT_D0_7_4_A0[0]|batch0|ad_0|D0_0_2_A1|F0
[INFO]  122.025 ns:/sample_compute_die_8x8_top/compute_die/node_3_2/Node/CMS/right2left[2]/rl/routing> reserved a slot, packet_id = RT_C_RT_D0_2_3_A0[0]|batch0|ad_0|D0_3_0_A1|F0
[INFO]  133.025 ns:/sample_compute_die_8x8_top/compute_die/node_2_3/Node/CMS/left2right[2]/lr/routing> reserved a slot, packet_id = RT_C_RT_D0_1_3_A0[0]|batch0|ad_0|D0_2_6_A1|F0
[INFO]  144.525 ns:/sample_compute_die_8x8_top/compute_die/node_3_3/Node/CMS/right2left[2]/rl/routing> reserved a slot, packet_id = RT_C_RT_D0_0_2_A0[0]|batch0|ad_0|D0_3_0_A1|F0
[INFO]  170.525 ns:/sample_compute_die_8x8_top/compute_die/node_3_1/Node/CMS/right2left[2]/rl/routing> reserved a slot, packet_id = RT_C_RT_D0_1_6_A0[0]|batch0|ad_0|D0_3_0_A1|F0
[INFO]  175.025 ns:/sample_compute_die_8x8_top/compute_die/node_1_5/Node/CMS/left2right[2]/lr/routing> reserved a slot, packet_id = RT_C_RT_D0_4_7_A0[0]|batch0|ad_0|D0_1_6_A1|F0
[INFO]  178.025 ns:/sample_compute_die_8x8_top/compute_die/node_5_2/Node/CMS/left2right[2]/lr/routing> reserved a slot, packet_id = RT_C_RT_D0_3_7_A0[0]|batch0|ad_0|D0_5_7_A1|F0
[INFO]  183.025 ns:/sample_compute_die_8x8_top/compute_die/node_1_3/Node/CMS/left2right[2]/lr/routing> reserved a slot, packet_id = RT_C_RT_D0_2_3_A0[0]|batch0|ad_0|D0_1_4_A1|F0
[INFO]  198.025 ns:/sample_compute_die_8x8_top/compute_die/node_7_3/Node/CMS/left2right[2]/lr/routing> reserved a slot, packet_id = RT_C_RT_D0_7_4_A0[0]|batch0|ad_0|D0_7_6_A1|F0
[INFO]  205.025 ns:/sample_compute_die_8x8_top/compute_die/node_2_3/Node/CMS/left2right[2]/lr/routing> reserved a slot, packet_id = RT_C_RT_D0_1_6_A0[0]|batch0|ad_0|D0_2_6_A1|F0
[INFO]  209.025 ns:/sample_compute_die_8x8_top/compute_die/node_0_3/Node/CMS/left2right[2]/lr/routing> reserved a slot, packet_id = RT_C_RT_D0_2_7_A0[0]|batch0|ad_0|D0_0_6_A1|F0
[INFO]  211.525 ns:/sample_compute_die_8x8_top/compute_die/node_6_2/Node/CMS/right2left[2]/rl/routing> reserved a slot, packet_id = RT_C_RT_D0_3_3_A0[0]|batch0|ad_0|D0_6_1_A1|F0
[INFO]  243.525 ns:/sample_compute_die_8x8_top/compute_die/node_5_4/Node/CMS/right2left[2]/rl/routing> reserved a slot, packet_id = RT_C_RT_D0_2_3_A0[0]|batch0|ad_0|D0_5_3_A1|F0
[INFO]  255.025 ns:/sample_compute_die_8x8_top/compute_die/node_1_3/Node/CMS/left2right[2]/lr/routing> reserved a slot, packet_id = RT_C_RT_D0_4_3_A0[0]|batch0|ad_0|D0_1_4_A1|F0
[INFO]  263.525 ns:/sample_compute_die_8x8_top/compute_die/node_0_4/Node/CMS/right2left[2]/rl/routing> reserved a slot, packet_id = RT_C_RT_D0_3_7_A0[0]|batch0|ad_0|D0_0_1_A1|F0
[INFO]  280.025 ns:/sample_compute_die_8x8_top/compute_die/node_4_2/Node/CMS/left2right[2]/lr/routing> reserved a slot, packet_id = RT_C_RT_D0_0_5_A0[0]|batch0|ad_0|D0_4_7_A1|F0
[INFO]  293.025 ns:/sample_compute_die_8x8_top/compute_die/node_1_5/Node/CMS/right2left[2]/rl/routing> reserved a slot, packet_id = RT_C_RT_D0_0_2_A0[0]|batch0|ad_0|D0_1_1_A1|F0
[INFO]  337.025 ns:/sample_compute_die_8x8_top/compute_die/node_2_4/Node/CMS/left2right[2]/lr/routing> reserved a slot, packet_id = RT_C_RT_D0_7_4_A0[0]|batch0|ad_0|D0_2_7_A1|F0
[INFO]  339.025 ns:/sample_compute_die_8x8_top/compute_die/node_2_6/Node/CMS/left2right[2]/lr/routing> reserved a slot, packet_id = RT_RT_D0_7_4_A0[0]|batch0|ad_0|D0_2_7_A1|F0
[INFO]  353.525 ns:/sample_compute_die_8x8_top/compute_die/node_4_3/Node/CMS/right2left[2]/rl/routing> reserved a slot, packet_id = RT_C_RT_D0_2_3_A0[0]|batch0|ad_0|D0_4_2_A1|F0
[INFO]  356.525 ns:/sample_compute_die_8x8_top/compute_die/node_5_3/Node/CMS/right2left[2]/rl/routing> reserved a slot, packet_id = RT_C_RT_D0_1_3_A0[0]|batch0|ad_0|D0_5_2_A1|F0
[INFO]  362.525 ns:/sample_compute_die_8x8_top/compute_die/node_4_5/Node/CMS/right2left[2]/rl/routing> reserved a slot, packet_id = RT_C_RT_D0_4_7_A0[0]|batch0|ad_0|D0_4_0_A1|F0
[INFO]  417.525 ns:/sample_compute_die_8x8_top/compute_die/node_1_2/Node/CMS/right2left[2]/rl/routing> reserved a slot, packet_id = RT_C_RT_D0_0_5_A0[0]|batch0|ad_0|D0_1_1_A1|F0
[INFO]  425.525 ns:/sample_compute_die_8x8_top/compute_die/node_4_3/Node/CMS/right2left[2]/rl/routing> reserved a slot, packet_id = RT_C_RT_D0_1_3_A0[0]|batch0|ad_0|D0_4_0_A1|F0
[INFO]  442.025 ns:/sample_compute_die_8x8_top/compute_die/node_6_5/Node/CMS/left2right[2]/lr/routing> reserved a slot, packet_id = RT_C_RT_D0_3_7_A0[0]|batch0|ad_0|D0_6_6_A1|F0
[INFO]  465.525 ns:/sample_compute_die_8x8_top/compute_die/node_6_4/Node/CMS/left2right[2]/lr/routing> reserved a slot, packet_id = RT_C_RT_D0_1_3_A0[0]|batch0|ad_0|D0_6_6_A1|F0
[INFO]  5000 ns:/> Reached the specified simulation duration:
[INFO]  5000 ns:/>   current simulated time:     5000 ns
[INFO]  5000 ns:/>   host system clock duration: 23 s
[INFO]  5000 ns:/>   transaction count:          834494
[INFO]  5000 ns:/>   average speed:              3.6282e+04 transactions/s
[INFO]  5000 ns:{post-simulation}> D0_0_2_A0[AD] sent 56 packets. BW = 0.046667 packets/cycle
[INFO]  5000 ns:{post-simulation}> D0_0_5_A0[AD] sent 56 packets. BW = 0.046667 packets/cycle
[INFO]  5000 ns:{post-simulation}> D0_1_3_A0[AD] sent 56 packets. BW = 0.046667 packets/cycle
[INFO]  5000 ns:{post-simulation}> D0_1_6_A0[AD] sent 56 packets. BW = 0.046667 packets/cycle
[INFO]  5000 ns:{post-simulation}> D0_2_3_A0[AD] sent 56 packets. BW = 0.046667 packets/cycle
[INFO]  5000 ns:{post-simulation}> D0_2_7_A0[AD] sent 56 packets. BW = 0.046667 packets/cycle
[INFO]  5000 ns:{post-simulation}> D0_3_3_A0[AD] sent 56 packets. BW = 0.046667 packets/cycle
[INFO]  5000 ns:{post-simulation}> D0_3_7_A0[AD] sent 56 packets. BW = 0.046667 packets/cycle
[INFO]  5000 ns:{post-simulation}> D0_4_3_A0[AD] sent 56 packets. BW = 0.046667 packets/cycle
[INFO]  5000 ns:{post-simulation}> D0_4_7_A0[AD] sent 56 packets. BW = 0.046667 packets/cycle
[INFO]  5000 ns:{post-simulation}> D0_5_3_A0[AD] sent 56 packets. BW = 0.046667 packets/cycle
[INFO]  5000 ns:{post-simulation}> D0_5_7_A0[AD] sent 56 packets. BW = 0.046667 packets/cycle
[INFO]  5000 ns:{post-simulation}> D0_7_0_A0[AD] sent 56 packets. BW = 0.046667 packets/cycle
[INFO]  5000 ns:{post-simulation}> D0_7_4_A0[AD] sent 56 packets. BW = 0.046667 packets/cycle
[INFO]  5000 ns:{post-simulation}> D0_0_1_A0[AK] sent 110 packets. BW = 0.091667 packets/cycle
[INFO]  5000 ns:{post-simulation}> D0_0_2_A0[AK] sent 110 packets. BW = 0.091667 packets/cycle
[INFO]  5000 ns:{post-simulation}> D0_0_3_A0[AK] sent 110 packets. BW = 0.091667 packets/cycle
[INFO]  5000 ns:{post-simulation}> D0_0_4_A0[AK] sent 110 packets. BW = 0.091667 packets/cycle
[INFO]  5000 ns:{post-simulation}> D0_0_6_A0[AK] sent 110 packets. BW = 0.091667 packets/cycle
[INFO]  5000 ns:{post-simulation}> D0_1_1_A0[AK] sent 220 packets. BW = 0.183333 packets/cycle
[INFO]  5000 ns:{post-simulation}> D0_1_2_A0[AK] sent 220 packets. BW = 0.183333 packets/cycle
[INFO]  5000 ns:{post-simulation}> D0_1_3_A0[AK] sent 220 packets. BW = 0.183333 packets/cycle
[INFO]  5000 ns:{post-simulation}> D0_1_4_A0[AK] sent 220 packets. BW = 0.183333 packets/cycle
[INFO]  5000 ns:{post-simulation}> D0_1_5_A0[AK] sent 220 packets. BW = 0.183333 packets/cycle
[INFO]  5000 ns:{post-simulation}> D0_1_6_A0[AK] sent 220 packets. BW = 0.183333 packets/cycle
[INFO]  5000 ns:{post-simulation}> D0_2_0_A0[AK] sent 220 packets. BW = 0.183333 packets/cycle
[INFO]  5000 ns:{post-simulation}> D0_2_1_A0[AK] sent 220 packets. BW = 0.183333 packets/cycle
[INFO]  5000 ns:{post-simulation}> D0_2_2_A0[AK] sent 220 packets. BW = 0.183333 packets/cycle
[INFO]  5000 ns:{post-simulation}> D0_2_3_A0[AK] sent 220 packets. BW = 0.183333 packets/cycle
[INFO]  5000 ns:{post-simulation}> D0_2_4_A0[AK] sent 220 packets. BW = 0.183333 packets/cycle
[INFO]  5000 ns:{post-simulation}> D0_2_5_A0[AK] sent 220 packets. BW = 0.183333 packets/cycle
[INFO]  5000 ns:{post-simulation}> D0_2_6_A0[AK] sent 220 packets. BW = 0.183333 packets/cycle
[INFO]  5000 ns:{post-simulation}> D0_2_7_A0[AK] sent 220 packets. BW = 0.183333 packets/cycle
[INFO]  5000 ns:{post-simulation}> D0_3_0_A0[AK] sent 220 packets. BW = 0.183333 packets/cycle
[INFO]  5000 ns:{post-simulation}> D0_3_1_A0[AK] sent 220 packets. BW = 0.183333 packets/cycle
[INFO]  5000 ns:{post-simulation}> D0_3_2_A0[AK] sent 220 packets. BW = 0.183333 packets/cycle
[INFO]  5000 ns:{post-simulation}> D0_3_3_A0[AK] sent 220 packets. BW = 0.183333 packets/cycle
[INFO]  5000 ns:{post-simulation}> D0_3_4_A0[AK] sent 220 packets. BW = 0.183333 packets/cycle
[INFO]  5000 ns:{post-simulation}> D0_3_5_A0[AK] sent 220 packets. BW = 0.183333 packets/cycle
[INFO]  5000 ns:{post-simulation}> D0_3_6_A0[AK] sent 220 packets. BW = 0.183333 packets/cycle
[INFO]  5000 ns:{post-simulation}> D0_3_7_A0[AK] sent 220 packets. BW = 0.183333 packets/cycle
[INFO]  5000 ns:{post-simulation}> D0_4_0_A0[AK] sent 220 packets. BW = 0.183333 packets/cycle
[INFO]  5000 ns:{post-simulation}> D0_4_1_A0[AK] sent 220 packets. BW = 0.183333 packets/cycle
[INFO]  5000 ns:{post-simulation}> D0_4_2_A0[AK] sent 220 packets. BW = 0.183333 packets/cycle
[INFO]  5000 ns:{post-simulation}> D0_4_3_A0[AK] sent 220 packets. BW = 0.183333 packets/cycle
[INFO]  5000 ns:{post-simulation}> D0_4_4_A0[AK] sent 220 packets. BW = 0.183333 packets/cycle
[INFO]  5000 ns:{post-simulation}> D0_4_5_A0[AK] sent 220 packets. BW = 0.183333 packets/cycle
[INFO]  5000 ns:{post-simulation}> D0_4_6_A0[AK] sent 220 packets. BW = 0.183333 packets/cycle
[INFO]  5000 ns:{post-simulation}> D0_4_7_A0[AK] sent 220 packets. BW = 0.183333 packets/cycle
[INFO]  5000 ns:{post-simulation}> D0_5_0_A0[AK] sent 220 packets. BW = 0.183333 packets/cycle
[INFO]  5000 ns:{post-simulation}> D0_5_1_A0[AK] sent 220 packets. BW = 0.183333 packets/cycle
[INFO]  5000 ns:{post-simulation}> D0_5_2_A0[AK] sent 220 packets. BW = 0.183333 packets/cycle
[INFO]  5000 ns:{post-simulation}> D0_5_3_A0[AK] sent 220 packets. BW = 0.183333 packets/cycle
[INFO]  5000 ns:{post-simulation}> D0_5_4_A0[AK] sent 220 packets. BW = 0.183333 packets/cycle
[INFO]  5000 ns:{post-simulation}> D0_5_5_A0[AK] sent 220 packets. BW = 0.183333 packets/cycle
[INFO]  5000 ns:{post-simulation}> D0_5_6_A0[AK] sent 220 packets. BW = 0.183333 packets/cycle
[INFO]  5000 ns:{post-simulation}> D0_5_7_A0[AK] sent 220 packets. BW = 0.183333 packets/cycle
[INFO]  5000 ns:{post-simulation}> D0_6_1_A0[AK] sent 220 packets. BW = 0.183333 packets/cycle
[INFO]  5000 ns:{post-simulation}> D0_6_2_A0[AK] sent 220 packets. BW = 0.183333 packets/cycle
[INFO]  5000 ns:{post-simulation}> D0_6_3_A0[AK] sent 220 packets. BW = 0.183333 packets/cycle
[INFO]  5000 ns:{post-simulation}> D0_6_4_A0[AK] sent 220 packets. BW = 0.183333 packets/cycle
[INFO]  5000 ns:{post-simulation}> D0_6_5_A0[AK] sent 220 packets. BW = 0.183333 packets/cycle
[INFO]  5000 ns:{post-simulation}> D0_6_6_A0[AK] sent 220 packets. BW = 0.183333 packets/cycle
[INFO]  5000 ns:{post-simulation}> D0_7_0_A0[AK] sent 110 packets. BW = 0.091667 packets/cycle
[INFO]  5000 ns:{post-simulation}> D0_7_1_A0[AK] sent 110 packets. BW = 0.091667 packets/cycle
[INFO]  5000 ns:{post-simulation}> D0_7_2_A0[AK] sent 110 packets. BW = 0.091667 packets/cycle
[INFO]  5000 ns:{post-simulation}> D0_7_4_A0[AK] sent 110 packets. BW = 0.091667 packets/cycle
[INFO]  5000 ns:{post-simulation}> D0_7_6_A0[AK] sent 110 packets. BW = 0.091667 packets/cycle
[INFO]  5000 ns:{post-simulation}> D0_7_7_A0[AK] sent 110 packets. BW = 0.091667 packets/cycle
[INFO]  5000 ns:{post-simulation}> D0_0_1_A1[IV] sent 56 packets. BW = 0.046667 packets/cycle
[INFO]  5000 ns:{post-simulation}> D0_0_2_A1[IV] sent 56 packets. BW = 0.046667 packets/cycle
[INFO]  5000 ns:{post-simulation}> D0_0_3_A1[IV] sent 56 packets. BW = 0.046667 packets/cycle
[INFO]  5000 ns:{post-simulation}> D0_0_4_A1[IV] sent 56 packets. BW = 0.046667 packets/cycle
[INFO]  5000 ns:{post-simulation}> D0_0_6_A1[IV] sent 56 packets. BW = 0.046667 packets/cycle
[INFO]  5000 ns:{post-simulation}> D0_1_1_A1[IV] sent 56 packets. BW = 0.046667 packets/cycle
[INFO]  5000 ns:{post-simulation}> D0_1_2_A1[IV] sent 56 packets. BW = 0.046667 packets/cycle
[INFO]  5000 ns:{post-simulation}> D0_1_3_A1[IV] sent 56 packets. BW = 0.046667 packets/cycle
[INFO]  5000 ns:{post-simulation}> D0_1_4_A1[IV] sent 56 packets. BW = 0.046667 packets/cycle
[INFO]  5000 ns:{post-simulation}> D0_1_5_A1[IV] sent 56 packets. BW = 0.046667 packets/cycle
[INFO]  5000 ns:{post-simulation}> D0_1_6_A1[IV] sent 56 packets. BW = 0.046667 packets/cycle
[INFO]  5000 ns:{post-simulation}> D0_2_0_A1[IV] sent 56 packets. BW = 0.046667 packets/cycle
[INFO]  5000 ns:{post-simulation}> D0_2_1_A1[IV] sent 56 packets. BW = 0.046667 packets/cycle
[INFO]  5000 ns:{post-simulation}> D0_2_2_A1[IV] sent 56 packets. BW = 0.046667 packets/cycle
[INFO]  5000 ns:{post-simulation}> D0_2_3_A1[IV] sent 56 packets. BW = 0.046667 packets/cycle
[INFO]  5000 ns:{post-simulation}> D0_2_4_A1[IV] sent 56 packets. BW = 0.046667 packets/cycle
[INFO]  5000 ns:{post-simulation}> D0_2_5_A1[IV] sent 56 packets. BW = 0.046667 packets/cycle
[INFO]  5000 ns:{post-simulation}> D0_2_6_A1[IV] sent 56 packets. BW = 0.046667 packets/cycle
[INFO]  5000 ns:{post-simulation}> D0_2_7_A1[IV] sent 56 packets. BW = 0.046667 packets/cycle
[INFO]  5000 ns:{post-simulation}> D0_3_0_A1[IV] sent 56 packets. BW = 0.046667 packets/cycle
[INFO]  5000 ns:{post-simulation}> D0_3_1_A1[IV] sent 56 packets. BW = 0.046667 packets/cycle
[INFO]  5000 ns:{post-simulation}> D0_3_2_A1[IV] sent 56 packets. BW = 0.046667 packets/cycle
[INFO]  5000 ns:{post-simulation}> D0_3_3_A1[IV] sent 56 packets. BW = 0.046667 packets/cycle
[INFO]  5000 ns:{post-simulation}> D0_3_4_A1[IV] sent 56 packets. BW = 0.046667 packets/cycle
[INFO]  5000 ns:{post-simulation}> D0_3_5_A1[IV] sent 56 packets. BW = 0.046667 packets/cycle
[INFO]  5000 ns:{post-simulation}> D0_3_6_A1[IV] sent 56 packets. BW = 0.046667 packets/cycle
[INFO]  5000 ns:{post-simulation}> D0_3_7_A1[IV] sent 56 packets. BW = 0.046667 packets/cycle
[INFO]  5000 ns:{post-simulation}> D0_4_0_A1[IV] sent 56 packets. BW = 0.046667 packets/cycle
[INFO]  5000 ns:{post-simulation}> D0_4_1_A1[IV] sent 56 packets. BW = 0.046667 packets/cycle
[INFO]  5000 ns:{post-simulation}> D0_4_2_A1[IV] sent 56 packets. BW = 0.046667 packets/cycle
[INFO]  5000 ns:{post-simulation}> D0_4_3_A1[IV] sent 56 packets. BW = 0.046667 packets/cycle
[INFO]  5000 ns:{post-simulation}> D0_4_4_A1[IV] sent 56 packets. BW = 0.046667 packets/cycle
[INFO]  5000 ns:{post-simulation}> D0_4_5_A1[IV] sent 56 packets. BW = 0.046667 packets/cycle
[INFO]  5000 ns:{post-simulation}> D0_4_6_A1[IV] sent 56 packets. BW = 0.046667 packets/cycle
[INFO]  5000 ns:{post-simulation}> D0_4_7_A1[IV] sent 56 packets. BW = 0.046667 packets/cycle
[INFO]  5000 ns:{post-simulation}> D0_5_0_A1[IV] sent 56 packets. BW = 0.046667 packets/cycle
[INFO]  5000 ns:{post-simulation}> D0_5_1_A1[IV] sent 56 packets. BW = 0.046667 packets/cycle
[INFO]  5000 ns:{post-simulation}> D0_5_2_A1[IV] sent 56 packets. BW = 0.046667 packets/cycle
[INFO]  5000 ns:{post-simulation}> D0_5_3_A1[IV] sent 56 packets. BW = 0.046667 packets/cycle
[INFO]  5000 ns:{post-simulation}> D0_5_4_A1[IV] sent 56 packets. BW = 0.046667 packets/cycle
[INFO]  5000 ns:{post-simulation}> D0_5_5_A1[IV] sent 56 packets. BW = 0.046667 packets/cycle
[INFO]  5000 ns:{post-simulation}> D0_5_6_A1[IV] sent 56 packets. BW = 0.046667 packets/cycle
[INFO]  5000 ns:{post-simulation}> D0_5_7_A1[IV] sent 56 packets. BW = 0.046667 packets/cycle
[INFO]  5000 ns:{post-simulation}> D0_6_1_A1[IV] sent 56 packets. BW = 0.046667 packets/cycle
[INFO]  5000 ns:{post-simulation}> D0_6_2_A1[IV] sent 56 packets. BW = 0.046667 packets/cycle
[INFO]  5000 ns:{post-simulation}> D0_6_3_A1[IV] sent 56 packets. BW = 0.046667 packets/cycle
[INFO]  5000 ns:{post-simulation}> D0_6_4_A1[IV] sent 56 packets. BW = 0.046667 packets/cycle
[INFO]  5000 ns:{post-simulation}> D0_6_5_A1[IV] sent 56 packets. BW = 0.046667 packets/cycle
[INFO]  5000 ns:{post-simulation}> D0_6_6_A1[IV] sent 56 packets. BW = 0.046667 packets/cycle
[INFO]  5000 ns:{post-simulation}> D0_7_0_A1[IV] sent 56 packets. BW = 0.046667 packets/cycle
[INFO]  5000 ns:{post-simulation}> D0_7_1_A1[IV] sent 56 packets. BW = 0.046667 packets/cycle
[INFO]  5000 ns:{post-simulation}> D0_7_2_A1[IV] sent 56 packets. BW = 0.046667 packets/cycle
[INFO]  5000 ns:{post-simulation}> D0_7_4_A1[IV] sent 56 packets. BW = 0.046667 packets/cycle
[INFO]  5000 ns:{post-simulation}> D0_7_6_A1[IV] sent 56 packets. BW = 0.046667 packets/cycle
[INFO]  5000 ns:{post-simulation}> D0_7_7_A1[IV] sent 56 packets. BW = 0.046667 packets/cycle
[INFO]  5000 ns:{post-simulation}> D0_0_1_A1[AD] received 14 packets. BW = 0.011667 packets/cycle. Latency = 8.735000(0.520000, 1.571429, 0.480000, 3.474286, 1.714286, 0.975000) ns
[INFO]  5000 ns:{post-simulation}> D0_0_2_A1[AD] received 14 packets. BW = 0.011667 packets/cycle. Latency = 8.235000(0.877143, 1.571429, 0.480000, 3.079643, 1.285714, 0.941071) ns
[INFO]  5000 ns:{post-simulation}> D0_0_3_A1[AD] received 14 packets. BW = 0.011667 packets/cycle. Latency = 7.985000(0.448571, 1.571429, 0.480000, 3.751071, 0.928571, 0.805357) ns
[INFO]  5000 ns:{post-simulation}> D0_0_4_A1[AD] received 14 packets. BW = 0.011667 packets/cycle. Latency = 6.306429(0.448571, 1.571429, 0.480000, 1.936786, 0.928571, 0.941071) ns
[INFO]  5000 ns:{post-simulation}> D0_0_5_A1[AD] received 14 packets. BW = 0.011667 packets/cycle. Latency = 5.913571(0.448571, 1.571429, 0.480000, 1.472500, 1.000000, 0.941071) ns
[INFO]  5000 ns:{post-simulation}> D0_0_6_A1[AD] received 14 packets. BW = 0.011667 packets/cycle. Latency = 5.949286(0.448571, 1.571429, 0.480000, 1.365357, 1.142857, 0.941071) ns
[INFO]  5000 ns:{post-simulation}> D0_1_1_A1[AD] received 14 packets. BW = 0.011667 packets/cycle. Latency = 8.735000(0.162857, 1.214286, 0.622857, 4.045714, 1.714286, 0.975000) ns
[INFO]  5000 ns:{post-simulation}> D0_1_2_A1[AD] received 14 packets. BW = 0.011667 packets/cycle. Latency = 8.735000(0.162857, 1.214286, 0.622857, 4.508214, 1.285714, 0.941071) ns
[INFO]  5000 ns:{post-simulation}> D0_1_3_A1[AD] received 14 packets. BW = 0.011667 packets/cycle. Latency = 7.127857(0.162857, 1.214286, 0.622857, 3.393929, 0.928571, 0.805357) ns
[INFO]  5000 ns:{post-simulation}> D0_1_4_A1[AD] received 14 packets. BW = 0.011667 packets/cycle. Latency = 5.735000(0.162857, 1.214286, 0.622857, 1.865357, 0.928571, 0.941071) ns
[INFO]  5000 ns:{post-simulation}> D0_1_5_A1[AD] received 14 packets. BW = 0.011667 packets/cycle. Latency = 6.342143(0.162857, 1.214286, 0.622857, 2.401071, 1.000000, 0.941071) ns
[INFO]  5000 ns:{post-simulation}> D0_1_6_A1[AD] received 14 packets. BW = 0.011667 packets/cycle. Latency = 6.377857(0.162857, 1.214286, 0.622857, 2.293929, 1.142857, 0.941071) ns
[INFO]  5000 ns:{post-simulation}> D0_2_0_A1[AD] received 14 packets. BW = 0.011667 packets/cycle. Latency = 9.485000(0.305714, 1.000000, 0.480000, 4.615357, 2.142857, 0.941071) ns
[INFO]  5000 ns:{post-simulation}> D0_2_1_A1[AD] received 14 packets. BW = 0.011667 packets/cycle. Latency = 9.377857(0.305714, 1.000000, 0.480000, 4.902857, 1.714286, 0.975000) ns
[INFO]  5000 ns:{post-simulation}> D0_2_2_A1[AD] received 14 packets. BW = 0.011667 packets/cycle. Latency = 7.806429(0.591429, 1.000000, 0.480000, 3.508214, 1.285714, 0.941071) ns
[INFO]  5000 ns:{post-simulation}> D0_2_3_A1[AD] received 14 packets. BW = 0.011667 packets/cycle. Latency = 7.127857(0.305714, 1.000000, 0.480000, 3.608214, 0.928571, 0.805357) ns
[INFO]  5000 ns:{post-simulation}> D0_2_4_A1[AD] received 14 packets. BW = 0.011667 packets/cycle. Latency = 7.449286(0.305714, 1.000000, 0.480000, 3.793929, 0.928571, 0.941071) ns
[INFO]  5000 ns:{post-simulation}> D0_2_5_A1[AD] received 14 packets. BW = 0.011667 packets/cycle. Latency = 5.770714(0.591429, 1.000000, 0.480000, 1.758214, 1.000000, 0.941071) ns
[INFO]  5000 ns:{post-simulation}> D0_2_6_A1[AD] received 14 packets. BW = 0.011667 packets/cycle. Latency = 6.235000(0.305714, 1.000000, 0.480000, 2.365357, 1.142857, 0.941071) ns
[INFO]  5000 ns:{post-simulation}> D0_2_7_A1[AD] received 14 packets. BW = 0.011667 packets/cycle. Latency = 5.985000(0.305714, 1.000000, 0.480000, 2.002857, 1.357143, 0.839286) ns
[INFO]  5000 ns:{post-simulation}> D0_3_0_A1[AD] received 14 packets. BW = 0.011667 packets/cycle. Latency = 10.485000(0.305714, 0.928571, 0.837143, 5.329643, 2.142857, 0.941071) ns
[INFO]  5000 ns:{post-simulation}> D0_3_1_A1[AD] received 14 packets. BW = 0.011667 packets/cycle. Latency = 8.663571(0.305714, 0.928571, 0.837143, 3.902857, 1.714286, 0.975000) ns
[INFO]  5000 ns:{post-simulation}> D0_3_2_A1[AD] received 14 packets. BW = 0.011667 packets/cycle. Latency = 8.663571(0.305714, 0.928571, 0.837143, 4.365357, 1.285714, 0.941071) ns
[INFO]  5000 ns:{post-simulation}> D0_3_3_A1[AD] received 14 packets. BW = 0.011667 packets/cycle. Latency = 7.127857(0.305714, 0.928571, 0.837143, 3.322500, 0.928571, 0.805357) ns
[INFO]  5000 ns:{post-simulation}> D0_3_4_A1[AD] received 14 packets. BW = 0.011667 packets/cycle. Latency = 6.235000(0.305714, 0.928571, 0.837143, 2.293929, 0.928571, 0.941071) ns
[INFO]  5000 ns:{post-simulation}> D0_3_5_A1[AD] received 14 packets. BW = 0.011667 packets/cycle. Latency = 6.342143(0.305714, 0.928571, 0.837143, 2.329643, 1.000000, 0.941071) ns
[INFO]  5000 ns:{post-simulation}> D0_3_6_A1[AD] received 14 packets. BW = 0.011667 packets/cycle. Latency = 6.592143(0.305714, 0.928571, 0.837143, 2.436786, 1.142857, 0.941071) ns
[INFO]  5000 ns:{post-simulation}> D0_3_7_A1[AD] received 14 packets. BW = 0.011667 packets/cycle. Latency = 6.699286(0.305714, 0.928571, 0.837143, 2.431429, 1.357143, 0.839286) ns
[INFO]  5000 ns:{post-simulation}> D0_4_0_A1[AD] received 14 packets. BW = 0.011667 packets/cycle. Latency = 10.485000(0.162857, 1.000000, 0.587143, 5.651071, 2.142857, 0.941071) ns
[INFO]  5000 ns:{post-simulation}> D0_4_1_A1[AD] received 14 packets. BW = 0.011667 packets/cycle. Latency = 8.663571(0.162857, 1.000000, 0.587143, 4.224286, 1.714286, 0.975000) ns
[INFO]  5000 ns:{post-simulation}> D0_4_2_A1[AD] received 14 packets. BW = 0.011667 packets/cycle. Latency = 7.735000(0.162857, 1.000000, 0.587143, 3.758214, 1.285714, 0.941071) ns
[INFO]  5000 ns:{post-simulation}> D0_4_3_A1[AD] received 14 packets. BW = 0.011667 packets/cycle. Latency = 7.127857(0.162857, 1.000000, 0.587143, 3.643929, 0.928571, 0.805357) ns
[INFO]  5000 ns:{post-simulation}> D0_4_4_A1[AD] received 14 packets. BW = 0.011667 packets/cycle. Latency = 5.735000(0.162857, 1.000000, 0.587143, 2.115357, 0.928571, 0.941071) ns
[INFO]  5000 ns:{post-simulation}> D0_4_5_A1[AD] received 14 packets. BW = 0.011667 packets/cycle. Latency = 6.985000(0.162857, 1.000000, 0.587143, 3.293929, 1.000000, 0.941071) ns
[INFO]  5000 ns:{post-simulation}> D0_4_6_A1[AD] received 14 packets. BW = 0.011667 packets/cycle. Latency = 6.235000(0.162857, 1.000000, 0.587143, 2.401071, 1.142857, 0.941071) ns
[INFO]  5000 ns:{post-simulation}> D0_4_7_A1[AD] received 14 packets. BW = 0.011667 packets/cycle. Latency = 7.199286(0.162857, 1.000000, 0.587143, 3.252857, 1.357143, 0.839286) ns
[INFO]  5000 ns:{post-simulation}> D0_5_0_A1[AD] received 14 packets. BW = 0.011667 packets/cycle. Latency = 9.485000(0.448571, 1.214286, 0.480000, 4.258214, 2.142857, 0.941071) ns
[INFO]  5000 ns:{post-simulation}> D0_5_1_A1[AD] received 14 packets. BW = 0.011667 packets/cycle. Latency = 8.592143(0.448571, 1.214286, 0.480000, 3.760000, 1.714286, 0.975000) ns
[INFO]  5000 ns:{post-simulation}> D0_5_2_A1[AD] received 14 packets. BW = 0.011667 packets/cycle. Latency = 8.592143(0.448571, 1.214286, 0.480000, 4.222500, 1.285714, 0.941071) ns
[INFO]  5000 ns:{post-simulation}> D0_5_3_A1[AD] received 14 packets. BW = 0.011667 packets/cycle. Latency = 7.127857(0.448571, 1.214286, 0.480000, 3.251071, 0.928571, 0.805357) ns
[INFO]  5000 ns:{post-simulation}> D0_5_4_A1[AD] received 14 packets. BW = 0.011667 packets/cycle. Latency = 5.735000(0.448571, 1.214286, 0.480000, 1.722500, 0.928571, 0.941071) ns
[INFO]  5000 ns:{post-simulation}> D0_5_5_A1[AD] received 14 packets. BW = 0.011667 packets/cycle. Latency = 6.485000(0.448571, 1.214286, 0.480000, 2.401071, 1.000000, 0.941071) ns
[INFO]  5000 ns:{post-simulation}> D0_5_6_A1[AD] received 14 packets. BW = 0.011667 packets/cycle. Latency = 6.592143(0.448571, 1.214286, 0.480000, 2.365357, 1.142857, 0.941071) ns
[INFO]  5000 ns:{post-simulation}> D0_5_7_A1[AD] received 14 packets. BW = 0.011667 packets/cycle. Latency = 7.413571(0.448571, 1.214286, 0.480000, 3.074286, 1.357143, 0.839286) ns
[INFO]  5000 ns:{post-simulation}> D0_6_1_A1[AD] received 14 packets. BW = 0.011667 packets/cycle. Latency = 8.592143(0.091429, 1.571429, 0.480000, 3.760000, 1.714286, 0.975000) ns
[INFO]  5000 ns:{post-simulation}> D0_6_2_A1[AD] received 14 packets. BW = 0.011667 packets/cycle. Latency = 8.592143(0.091429, 1.571429, 0.480000, 4.222500, 1.285714, 0.941071) ns
[INFO]  5000 ns:{post-simulation}> D0_6_3_A1[AD] received 14 packets. BW = 0.011667 packets/cycle. Latency = 7.127857(0.091429, 1.571429, 0.480000, 3.251071, 0.928571, 0.805357) ns
[INFO]  5000 ns:{post-simulation}> D0_6_4_A1[AD] received 14 packets. BW = 0.011667 packets/cycle. Latency = 5.806429(0.091429, 1.571429, 0.480000, 1.793929, 0.928571, 0.941071) ns
[INFO]  5000 ns:{post-simulation}> D0_6_5_A1[AD] received 14 packets. BW = 0.011667 packets/cycle. Latency = 6.342143(0.091429, 1.571429, 0.480000, 2.258214, 1.000000, 0.941071) ns
[INFO]  5000 ns:{post-simulation}> D0_6_6_A1[AD] received 14 packets. BW = 0.011667 packets/cycle. Latency = 6.735000(0.305714, 1.571429, 0.480000, 2.293929, 1.142857, 0.941071) ns
[INFO]  5000 ns:{post-simulation}> D0_7_0_A1[AD] received 14 packets. BW = 0.011667 packets/cycle. Latency = 9.413571(0.520000, 1.928571, 0.480000, 3.401071, 2.142857, 0.941071) ns
[INFO]  5000 ns:{post-simulation}> D0_7_1_A1[AD] received 14 packets. BW = 0.011667 packets/cycle. Latency = 9.449286(0.520000, 1.928571, 0.480000, 3.831429, 1.714286, 0.975000) ns
[INFO]  5000 ns:{post-simulation}> D0_7_2_A1[AD] received 14 packets. BW = 0.011667 packets/cycle. Latency = 8.592143(0.520000, 1.928571, 0.480000, 3.436786, 1.285714, 0.941071) ns
[INFO]  5000 ns:{post-simulation}> D0_7_4_A1[AD] received 14 packets. BW = 0.011667 packets/cycle. Latency = 6.877857(0.520000, 1.928571, 0.480000, 2.079643, 0.928571, 0.941071) ns
[INFO]  5000 ns:{post-simulation}> D0_7_6_A1[AD] received 14 packets. BW = 0.011667 packets/cycle. Latency = 6.949286(0.520000, 1.928571, 0.480000, 1.936786, 1.142857, 0.941071) ns
[INFO]  5000 ns:{post-simulation}> D0_7_7_A1[AD] received 14 packets. BW = 0.011667 packets/cycle. Latency = 7.627857(0.520000, 1.928571, 0.480000, 2.502857, 1.357143, 0.839286) ns
[INFO]  5000 ns:{post-simulation}> D0_0_1_A1[AK] received 198 packets. BW = 0.165000 packets/cycle. Latency = 76.426919(1.254848, 1.767677, 55.033030, 16.135253, 1.328283, 0.907828) ns
[INFO]  5000 ns:{post-simulation}> D0_0_2_A1[AK] received 198 packets. BW = 0.165000 packets/cycle. Latency = 52.371364(0.820505, 1.767677, 30.884040, 16.930707, 1.060606, 0.907828) ns
[INFO]  5000 ns:{post-simulation}> D0_0_3_A1[AK] received 198 packets. BW = 0.165000 packets/cycle. Latency = 53.512778(0.739697, 1.767677, 37.237576, 11.920859, 0.934343, 0.912626) ns
[INFO]  5000 ns:{post-simulation}> D0_0_4_A1[AK] received 198 packets. BW = 0.165000 packets/cycle. Latency = 56.389040(0.777576, 1.767677, 41.108788, 10.887778, 0.939394, 0.907828) ns
[INFO]  5000 ns:{post-simulation}> D0_0_6_A1[AK] received 198 packets. BW = 0.165000 packets/cycle. Latency = 78.447121(1.143737, 1.767677, 59.876465, 13.397879, 1.353535, 0.907828) ns
[INFO]  5000 ns:{post-simulation}> D0_1_1_A1[AK] received 198 packets. BW = 0.165000 packets/cycle. Latency = 74.151667(0.929091, 1.318182, 56.331010, 13.337273, 1.328283, 0.907828) ns
[INFO]  5000 ns:{post-simulation}> D0_1_2_A1[AK] received 198 packets. BW = 0.165000 packets/cycle. Latency = 81.040556(0.777576, 1.318182, 67.242626, 9.733737, 1.060606, 0.907828) ns
[INFO]  5000 ns:{post-simulation}> D0_1_3_A1[AK] received 198 packets. BW = 0.165000 packets/cycle. Latency = 62.126414(0.797778, 1.318182, 45.985051, 12.178434, 0.934343, 0.912626) ns
[INFO]  5000 ns:{post-simulation}> D0_1_4_A1[AK] received 198 packets. BW = 0.165000 packets/cycle. Latency = 49.199646(0.643737, 1.318182, 34.727475, 10.663030, 0.939394, 0.907828) ns
[INFO]  5000 ns:{post-simulation}> D0_1_5_A1[AK] received 198 packets. BW = 0.165000 packets/cycle. Latency = 87.613788(0.886162, 1.318182, 76.823434, 6.582727, 1.085859, 0.917424) ns
[INFO]  5000 ns:{post-simulation}> D0_1_6_A1[AK] received 198 packets. BW = 0.165000 packets/cycle. Latency = 45.080960(0.964444, 1.318182, 21.419394, 19.117576, 1.353535, 0.907828) ns
[INFO]  5000 ns:{post-simulation}> D0_2_0_A1[AK] received 198 packets. BW = 0.165000 packets/cycle. Latency = 166.386515(0.628586, 0.989899, 148.636566, 13.462273, 1.737374, 0.931818) ns
[INFO]  5000 ns:{post-simulation}> D0_2_1_A1[AK] received 198 packets. BW = 0.165000 packets/cycle. Latency = 126.613788(0.850808, 0.989899, 107.618889, 14.918081, 1.328283, 0.907828) ns
[INFO]  5000 ns:{post-simulation}> D0_2_2_A1[AK] received 198 packets. BW = 0.165000 packets/cycle. Latency = 81.237525(1.610909, 0.989899, 67.449697, 9.218586, 1.060606, 0.907828) ns
[INFO]  5000 ns:{post-simulation}> D0_2_3_A1[AK] received 198 packets. BW = 0.165000 packets/cycle. Latency = 136.495101(0.994747, 0.989899, 125.336061, 7.327424, 0.934343, 0.912626) ns
[INFO]  5000 ns:{post-simulation}> D0_2_4_A1[AK] received 198 packets. BW = 0.165000 packets/cycle. Latency = 72.288030(1.520000, 0.989899, 54.073434, 13.857475, 0.939394, 0.907828) ns
[INFO]  5000 ns:{post-simulation}> D0_2_5_A1[AK] received 198 packets. BW = 0.165000 packets/cycle. Latency = 142.212273(0.873535, 0.989899, 132.144141, 6.201414, 1.085859, 0.917424) ns
[INFO]  5000 ns:{post-simulation}> D0_2_6_A1[AK] received 198 packets. BW = 0.165000 packets/cycle. Latency = 58.328434(1.343232, 0.989899, 38.512828, 15.221111, 1.353535, 0.907828) ns
[INFO]  5000 ns:{post-simulation}> D0_2_7_A1[AK] received 198 packets. BW = 0.165000 packets/cycle. Latency = 119.777929(0.984646, 0.989899, 102.214848, 12.894091, 1.762626, 0.931818) ns
[INFO]  5000 ns:{post-simulation}> D0_3_0_A1[AK] received 198 packets. BW = 0.165000 packets/cycle. Latency = 88.065808(0.514949, 0.823232, 56.962323, 27.096111, 1.737374, 0.931818) ns
[INFO]  5000 ns:{post-simulation}> D0_3_1_A1[AK] received 198 packets. BW = 0.165000 packets/cycle. Latency = 93.785505(0.987172, 0.823232, 79.490101, 10.248889, 1.328283, 0.907828) ns
[INFO]  5000 ns:{post-simulation}> D0_3_2_A1[AK] received 198 packets. BW = 0.165000 packets/cycle. Latency = 73.750152(0.972020, 0.823232, 54.083535, 15.902929, 1.060606, 0.907828) ns
[INFO]  5000 ns:{post-simulation}> D0_3_3_A1[AK] received 198 packets. BW = 0.165000 packets/cycle. Latency = 90.707222(0.929091, 0.823232, 80.793131, 6.314798, 0.934343, 0.912626) ns
[INFO]  5000 ns:{post-simulation}> D0_3_4_A1[AK] received 198 packets. BW = 0.165000 packets/cycle. Latency = 97.623889(0.780101, 0.823232, 85.055758, 9.117576, 0.939394, 0.907828) ns
[INFO]  5000 ns:{post-simulation}> D0_3_5_A1[AK] received 198 packets. BW = 0.165000 packets/cycle. Latency = 88.429444(0.964444, 0.823232, 67.285556, 17.352929, 1.085859, 0.917424) ns
[INFO]  5000 ns:{post-simulation}> D0_3_6_A1[AK] received 198 packets. BW = 0.165000 packets/cycle. Latency = 60.161768(0.323030, 0.823232, 46.586061, 10.168081, 1.353535, 0.907828) ns
[INFO]  5000 ns:{post-simulation}> D0_3_7_A1[AK] received 198 packets. BW = 0.165000 packets/cycle. Latency = 93.740051(0.946768, 0.823232, 81.318384, 7.957222, 1.762626, 0.931818) ns
[INFO]  5000 ns:{post-simulation}> D0_4_0_A1[AK] received 198 packets. BW = 0.165000 packets/cycle. Latency = 97.131465(1.413939, 0.818182, 81.123939, 11.106212, 1.737374, 0.931818) ns
[INFO]  5000 ns:{post-simulation}> D0_4_1_A1[AK] received 198 packets. BW = 0.165000 packets/cycle. Latency = 72.035505(0.621010, 0.818182, 53.169394, 15.190808, 1.328283, 0.907828) ns
[INFO]  5000 ns:{post-simulation}> D0_4_2_A1[AK] received 198 packets. BW = 0.165000 packets/cycle. Latency = 84.843586(2.171515, 0.818182, 64.512828, 15.372626, 1.060606, 0.907828) ns
[INFO]  5000 ns:{post-simulation}> D0_4_3_A1[AK] received 198 packets. BW = 0.165000 packets/cycle. Latency = 76.176919(0.671515, 0.818182, 63.752727, 9.087525, 0.934343, 0.912626) ns
[INFO]  5000 ns:{post-simulation}> D0_4_4_A1[AK] received 198 packets. BW = 0.165000 packets/cycle. Latency = 95.687020(0.939192, 0.818182, 86.308283, 5.774141, 0.939394, 0.907828) ns
[INFO]  5000 ns:{post-simulation}> D0_4_5_A1[AK] received 198 packets. BW = 0.165000 packets/cycle. Latency = 92.442071(1.189192, 0.818182, 79.997677, 8.433737, 1.085859, 0.917424) ns
[INFO]  5000 ns:{post-simulation}> D0_4_6_A1[AK] received 198 packets. BW = 0.165000 packets/cycle. Latency = 50.133990(0.527576, 0.818182, 28.275455, 18.251414, 1.353535, 0.907828) ns
[INFO]  5000 ns:{post-simulation}> D0_4_7_A1[AK] received 198 packets. BW = 0.165000 packets/cycle. Latency = 90.606212(1.181616, 0.818182, 77.353737, 8.558232, 1.762626, 0.931818) ns
[INFO]  5000 ns:{post-simulation}> D0_5_0_A1[AK] received 198 packets. BW = 0.165000 packets/cycle. Latency = 95.901667(1.633636, 0.974747, 73.038081, 17.586010, 1.737374, 0.931818) ns
[INFO]  5000 ns:{post-simulation}> D0_5_1_A1[AK] received 198 packets. BW = 0.165000 packets/cycle. Latency = 84.848636(0.585657, 0.974747, 69.694646, 11.357475, 1.328283, 0.907828) ns
[INFO]  5000 ns:{post-simulation}> D0_5_2_A1[AK] received 198 packets. BW = 0.165000 packets/cycle. Latency = 79.151667(1.499798, 0.974747, 67.765354, 6.943333, 1.060606, 0.907828) ns
[INFO]  5000 ns:{post-simulation}> D0_5_3_A1[AK] received 198 packets. BW = 0.165000 packets/cycle. Latency = 97.755202(0.764949, 0.974747, 85.416869, 8.751667, 0.934343, 0.912626) ns
[INFO]  5000 ns:{post-simulation}> D0_5_4_A1[AK] received 198 packets. BW = 0.165000 packets/cycle. Latency = 40.601162(0.499798, 0.974747, 24.980000, 12.299394, 0.939394, 0.907828) ns
[INFO]  5000 ns:{post-simulation}> D0_5_5_A1[AK] received 198 packets. BW = 0.165000 packets/cycle. Latency = 57.659242(0.770000, 0.974747, 41.035556, 12.875657, 1.085859, 0.917424) ns
[INFO]  5000 ns:{post-simulation}> D0_5_6_A1[AK] received 198 packets. BW = 0.165000 packets/cycle. Latency = 80.260253(2.845758, 0.974747, 69.780505, 4.397879, 1.353535, 0.907828) ns
[INFO]  5000 ns:{post-simulation}> D0_5_7_A1[AK] received 198 packets. BW = 0.165000 packets/cycle. Latency = 109.997626(0.780101, 0.974747, 97.543131, 8.005202, 1.762626, 0.931818) ns
[INFO]  5000 ns:{post-simulation}> D0_6_1_A1[AK] received 198 packets. BW = 0.165000 packets/cycle. Latency = 66.434495(1.227071, 1.292929, 39.570909, 22.107475, 1.328283, 0.907828) ns
[INFO]  5000 ns:{post-simulation}> D0_6_2_A1[AK] received 198 packets. BW = 0.165000 packets/cycle. Latency = 60.325909(2.466970, 1.292929, 42.237576, 12.360000, 1.060606, 0.907828) ns
[INFO]  5000 ns:{post-simulation}> D0_6_3_A1[AK] received 198 packets. BW = 0.165000 packets/cycle. Latency = 76.391566(2.800303, 1.292929, 61.548182, 8.903182, 0.934343, 0.912626) ns
[INFO]  5000 ns:{post-simulation}> D0_6_4_A1[AK] received 198 packets. BW = 0.165000 packets/cycle. Latency = 46.631465(1.292727, 1.292929, 35.260303, 6.938283, 0.939394, 0.907828) ns
[INFO]  5000 ns:{post-simulation}> D0_6_5_A1[AK] received 198 packets. BW = 0.165000 packets/cycle. Latency = 57.742576(2.479596, 1.292929, 45.214848, 6.751919, 1.085859, 0.917424) ns
[INFO]  5000 ns:{post-simulation}> D0_6_6_A1[AK] received 198 packets. BW = 0.165000 packets/cycle. Latency = 80.722374(1.449293, 1.292929, 66.288081, 9.430707, 1.353535, 0.907828) ns
[INFO]  5000 ns:{post-simulation}> D0_7_0_A1[AK] received 198 packets. BW = 0.165000 packets/cycle. Latency = 99.919343(4.873535, 1.732323, 78.083535, 12.560758, 1.737374, 0.931818) ns
[INFO]  5000 ns:{post-simulation}> D0_7_1_A1[AK] received 198 packets. BW = 0.165000 packets/cycle. Latency = 127.093586(2.633636, 1.732323, 110.631515, 9.860000, 1.328283, 0.907828) ns
[INFO]  5000 ns:{post-simulation}> D0_7_2_A1[AK] received 198 packets. BW = 0.165000 packets/cycle. Latency = 127.146616(0.610909, 1.732323, 116.176970, 6.657980, 1.060606, 0.907828) ns
[INFO]  5000 ns:{post-simulation}> D0_7_4_A1[AK] received 198 packets. BW = 0.165000 packets/cycle. Latency = 44.639040(1.229596, 1.732323, 21.131515, 18.698384, 0.939394, 0.907828) ns
[INFO]  5000 ns:{post-simulation}> D0_7_6_A1[AK] received 198 packets. BW = 0.165000 packets/cycle. Latency = 76.967323(2.618485, 1.732323, 63.522929, 6.832222, 1.353535, 0.907828) ns
[INFO]  5000 ns:{post-simulation}> D0_7_7_A1[AK] received 198 packets. BW = 0.165000 packets/cycle. Latency = 73.457222(1.451818, 1.732323, 56.025455, 11.553182, 1.762626, 0.931818) ns
[INFO]  5000 ns:{post-simulation}> D0_0_0_A0[IV] received 220 packets. BW = 0.183333 packets/cycle. Latency = 9.480455(1.079091, 1.781818, 0.480000, 0.803182, 4.404545, 0.931818) ns
[INFO]  5000 ns:{post-simulation}> D0_0_1_A0[IV] received 220 packets. BW = 0.183333 packets/cycle. Latency = 8.503182(1.079091, 1.781818, 0.480000, 0.779773, 3.463636, 0.918864) ns
[INFO]  5000 ns:{post-simulation}> D0_0_2_A0[IV] received 220 packets. BW = 0.183333 packets/cycle. Latency = 7.494091(1.079091, 1.781818, 0.480000, 0.793182, 2.445455, 0.914545) ns
[INFO]  5000 ns:{post-simulation}> D0_0_3_A0[IV] received 220 packets. BW = 0.183333 packets/cycle. Latency = 6.985000(1.079091, 1.781818, 0.480000, 0.766364, 1.954545, 0.923182) ns
[INFO]  5000 ns:{post-simulation}> D0_0_4_A0[IV] received 220 packets. BW = 0.183333 packets/cycle. Latency = 7.394091(1.079091, 1.781818, 0.480000, 0.788864, 2.345455, 0.918864) ns
[INFO]  5000 ns:{post-simulation}> D0_0_5_A0[IV] received 220 packets. BW = 0.183333 packets/cycle. Latency = 7.703182(1.079091, 1.781818, 0.480000, 0.794545, 2.627273, 0.940455) ns
[INFO]  5000 ns:{post-simulation}> D0_0_6_A0[IV] received 220 packets. BW = 0.183333 packets/cycle. Latency = 7.975909(1.079091, 1.781818, 0.480000, 0.793182, 2.927273, 0.914545) ns
[INFO]  5000 ns:{post-simulation}> D0_0_7_A0[IV] received 220 packets. BW = 0.183333 packets/cycle. Latency = 9.025909(1.079091, 1.781818, 0.480000, 0.776364, 3.968182, 0.940455) ns
[INFO]  5000 ns:{post-simulation}> D0_1_0_A0[IV] received 440 packets. BW = 0.366667 packets/cycle. Latency = 13.891818(1.299545, 1.372727, 0.480000, 4.632159, 5.143182, 0.964205) ns
[INFO]  5000 ns:{post-simulation}> D0_1_1_A0[IV] received 440 packets. BW = 0.366667 packets/cycle. Latency = 13.194091(1.299545, 1.372727, 0.480000, 4.651136, 4.454545, 0.936136) ns
[INFO]  5000 ns:{post-simulation}> D0_1_2_A0[IV] received 440 packets. BW = 0.366667 packets/cycle. Latency = 12.460000(1.299545, 1.372727, 0.480000, 4.632727, 3.743182, 0.931818) ns
[INFO]  5000 ns:{post-simulation}> D0_1_3_A0[IV] received 440 packets. BW = 0.366667 packets/cycle. Latency = 11.825909(1.299545, 1.372727, 0.480000, 4.366932, 3.372727, 0.933977) ns
[INFO]  5000 ns:{post-simulation}> D0_1_4_A0[IV] received 440 packets. BW = 0.366667 packets/cycle. Latency = 11.730455(1.299545, 1.372727, 0.480000, 4.534659, 3.118182, 0.925341) ns
[INFO]  5000 ns:{post-simulation}> D0_1_5_A0[IV] received 440 packets. BW = 0.366667 packets/cycle. Latency = 11.610000(1.299545, 1.372727, 0.480000, 4.294432, 3.225000, 0.938295) ns
[INFO]  5000 ns:{post-simulation}> D0_1_6_A0[IV] received 440 packets. BW = 0.366667 packets/cycle. Latency = 11.823636(1.299545, 1.372727, 0.480000, 4.448295, 3.297727, 0.925341) ns
[INFO]  5000 ns:{post-simulation}> D0_1_7_A0[IV] received 440 packets. BW = 0.366667 packets/cycle. Latency = 12.457727(1.299545, 1.372727, 0.480000, 4.522386, 3.831818, 0.951250) ns
[INFO]  5000 ns:{post-simulation}> D0_2_0_A0[IV] received 440 packets. BW = 0.366667 packets/cycle. Latency = 12.621364(1.583636, 1.240909, 0.480000, 3.260909, 5.106818, 0.949091) ns
[INFO]  5000 ns:{post-simulation}> D0_2_1_A0[IV] received 440 packets. BW = 0.366667 packets/cycle. Latency = 11.964545(1.583636, 1.240909, 0.480000, 3.237045, 4.495455, 0.927500) ns
[INFO]  5000 ns:{post-simulation}> D0_2_2_A0[IV] received 440 packets. BW = 0.366667 packets/cycle. Latency = 11.594091(1.583636, 1.240909, 0.480000, 3.223636, 4.134091, 0.931818) ns
[INFO]  5000 ns:{post-simulation}> D0_2_3_A0[IV] received 440 packets. BW = 0.366667 packets/cycle. Latency = 10.848636(1.583636, 1.240909, 0.480000, 3.237045, 3.379545, 0.927500) ns
[INFO]  5000 ns:{post-simulation}> D0_2_4_A0[IV] received 440 packets. BW = 0.366667 packets/cycle. Latency = 10.353182(1.583636, 1.240909, 0.480000, 3.096364, 3.020455, 0.931818) ns
[INFO]  5000 ns:{post-simulation}> D0_2_5_A0[IV] received 440 packets. BW = 0.366667 packets/cycle. Latency = 10.269091(1.583636, 1.240909, 0.480000, 3.085568, 2.936364, 0.942614) ns
[INFO]  5000 ns:{post-simulation}> D0_2_6_A0[IV] received 440 packets. BW = 0.366667 packets/cycle. Latency = 10.516818(1.583636, 1.240909, 0.480000, 3.195909, 3.093182, 0.923182) ns
[INFO]  5000 ns:{post-simulation}> D0_2_7_A0[IV] received 440 packets. BW = 0.366667 packets/cycle. Latency = 10.803182(1.583636, 1.240909, 0.480000, 3.099205, 3.456818, 0.942614) ns
[INFO]  5000 ns:{post-simulation}> D0_3_0_A0[IV] received 440 packets. BW = 0.366667 packets/cycle. Latency = 12.530455(1.756364, 1.056818, 0.480000, 3.056818, 5.222727, 0.957727) ns
[INFO]  5000 ns:{post-simulation}> D0_3_1_A0[IV] received 440 packets. BW = 0.366667 packets/cycle. Latency = 12.146364(1.756364, 1.056818, 0.480000, 3.047273, 4.856818, 0.949091) ns
[INFO]  5000 ns:{post-simulation}> D0_3_2_A0[IV] received 440 packets. BW = 0.366667 packets/cycle. Latency = 11.469091(1.756364, 1.056818, 0.480000, 3.077955, 4.170455, 0.927500) ns
[INFO]  5000 ns:{post-simulation}> D0_3_3_A0[IV] received 440 packets. BW = 0.366667 packets/cycle. Latency = 10.805455(1.756364, 1.056818, 0.480000, 3.010455, 3.561364, 0.940455) ns
[INFO]  5000 ns:{post-simulation}> D0_3_4_A0[IV] received 440 packets. BW = 0.366667 packets/cycle. Latency = 10.430455(1.756364, 1.056818, 0.480000, 2.855455, 3.350000, 0.931818) ns
[INFO]  5000 ns:{post-simulation}> D0_3_5_A0[IV] received 440 packets. BW = 0.366667 packets/cycle. Latency = 10.121364(1.756364, 1.056818, 0.480000, 2.851136, 3.040909, 0.936136) ns
[INFO]  5000 ns:{post-simulation}> D0_3_6_A0[IV] received 440 packets. BW = 0.366667 packets/cycle. Latency = 10.287273(1.756364, 1.056818, 0.480000, 3.016477, 3.052273, 0.925341) ns
[INFO]  5000 ns:{post-simulation}> D0_3_7_A0[IV] received 440 packets. BW = 0.366667 packets/cycle. Latency = 10.321364(1.756364, 1.056818, 0.480000, 2.906136, 3.177273, 0.944773) ns
[INFO]  5000 ns:{post-simulation}> D0_4_0_A0[IV] received 440 packets. BW = 0.366667 packets/cycle. Latency = 12.973636(1.331364, 1.090909, 0.480000, 3.856705, 5.259091, 0.955568) ns
[INFO]  5000 ns:{post-simulation}> D0_4_1_A0[IV] received 440 packets. BW = 0.366667 packets/cycle. Latency = 12.337273(1.331364, 1.090909, 0.480000, 3.873977, 4.622727, 0.938295) ns
[INFO]  5000 ns:{post-simulation}> D0_4_2_A0[IV] received 440 packets. BW = 0.366667 packets/cycle. Latency = 11.553182(1.331364, 1.090909, 0.480000, 3.898182, 3.829545, 0.923182) ns
[INFO]  5000 ns:{post-simulation}> D0_4_3_A0[IV] received 440 packets. BW = 0.366667 packets/cycle. Latency = 11.014545(1.331364, 1.090909, 0.480000, 3.789545, 3.390909, 0.931818) ns
[INFO]  5000 ns:{post-simulation}> D0_4_4_A0[IV] received 440 packets. BW = 0.366667 packets/cycle. Latency = 10.816818(1.331364, 1.090909, 0.480000, 3.793864, 3.193182, 0.927500) ns
[INFO]  5000 ns:{post-simulation}> D0_4_5_A0[IV] received 440 packets. BW = 0.366667 packets/cycle. Latency = 10.637273(1.331364, 1.090909, 0.480000, 3.737159, 3.068182, 0.929659) ns
[INFO]  5000 ns:{post-simulation}> D0_4_6_A0[IV] received 440 packets. BW = 0.366667 packets/cycle. Latency = 10.525909(1.331364, 1.090909, 0.480000, 3.773068, 2.929545, 0.921023) ns
[INFO]  5000 ns:{post-simulation}> D0_4_7_A0[IV] received 440 packets. BW = 0.366667 packets/cycle. Latency = 10.744091(1.331364, 1.090909, 0.480000, 3.647159, 3.247727, 0.946932) ns
[INFO]  5000 ns:{post-simulation}> D0_5_0_A0[IV] received 440 packets. BW = 0.366667 packets/cycle. Latency = 11.955455(1.110909, 1.175000, 0.480000, 3.054432, 5.179545, 0.955568) ns
[INFO]  5000 ns:{post-simulation}> D0_5_1_A0[IV] received 440 packets. BW = 0.366667 packets/cycle. Latency = 11.160000(1.110909, 1.175000, 0.480000, 3.012386, 4.447727, 0.933977) ns
[INFO]  5000 ns:{post-simulation}> D0_5_2_A0[IV] received 440 packets. BW = 0.366667 packets/cycle. Latency = 10.707727(1.110909, 1.175000, 0.480000, 3.055682, 3.950000, 0.936136) ns
[INFO]  5000 ns:{post-simulation}> D0_5_3_A0[IV] received 440 packets. BW = 0.366667 packets/cycle. Latency = 10.194091(1.110909, 1.175000, 0.480000, 3.071705, 3.418182, 0.938295) ns
[INFO]  5000 ns:{post-simulation}> D0_5_4_A0[IV] received 440 packets. BW = 0.366667 packets/cycle. Latency = 9.725909(1.110909, 1.175000, 0.480000, 2.807841, 3.218182, 0.933977) ns
[INFO]  5000 ns:{post-simulation}> D0_5_5_A0[IV] received 440 packets. BW = 0.366667 packets/cycle. Latency = 9.925909(1.110909, 1.175000, 0.480000, 3.044432, 3.177273, 0.938295) ns
[INFO]  5000 ns:{post-simulation}> D0_5_6_A0[IV] received 440 packets. BW = 0.366667 packets/cycle. Latency = 9.896364(1.110909, 1.175000, 0.480000, 3.005455, 3.193182, 0.931818) ns
[INFO]  5000 ns:{post-simulation}> D0_5_7_A0[IV] received 440 packets. BW = 0.366667 packets/cycle. Latency = 9.857727(1.110909, 1.175000, 0.480000, 2.897045, 3.250000, 0.944773) ns
[INFO]  5000 ns:{post-simulation}> D0_6_0_A0[IV] received 440 packets. BW = 0.366667 packets/cycle. Latency = 12.066818(0.865455, 1.354545, 0.480000, 4.088068, 4.331818, 0.946932) ns
[INFO]  5000 ns:{post-simulation}> D0_6_1_A0[IV] received 440 packets. BW = 0.366667 packets/cycle. Latency = 11.728182(0.865455, 1.354545, 0.480000, 4.000795, 4.097727, 0.929659) ns
[INFO]  5000 ns:{post-simulation}> D0_6_2_A0[IV] received 440 packets. BW = 0.366667 packets/cycle. Latency = 11.521364(0.865455, 1.354545, 0.480000, 3.980682, 3.904545, 0.936136) ns
[INFO]  5000 ns:{post-simulation}> D0_6_3_A0[IV] received 440 packets. BW = 0.366667 packets/cycle. Latency = 11.230455(0.865455, 1.354545, 0.480000, 3.922273, 3.659091, 0.949091) ns
[INFO]  5000 ns:{post-simulation}> D0_6_4_A0[IV] received 440 packets. BW = 0.366667 packets/cycle. Latency = 10.812273(0.865455, 1.354545, 0.480000, 3.775909, 3.404545, 0.931818) ns
[INFO]  5000 ns:{post-simulation}> D0_6_5_A0[IV] received 440 packets. BW = 0.366667 packets/cycle. Latency = 11.139545(0.865455, 1.354545, 0.480000, 3.958182, 3.540909, 0.940455) ns
[INFO]  5000 ns:{post-simulation}> D0_6_6_A0[IV] received 440 packets. BW = 0.366667 packets/cycle. Latency = 11.385000(0.865455, 1.354545, 0.480000, 4.064432, 3.690909, 0.929659) ns
[INFO]  5000 ns:{post-simulation}> D0_6_7_A0[IV] received 440 packets. BW = 0.366667 packets/cycle. Latency = 11.896364(0.865455, 1.354545, 0.480000, 4.065568, 4.179545, 0.951250) ns
[INFO]  5000 ns:{post-simulation}> D0_7_0_A0[IV] received 220 packets. BW = 0.183333 packets/cycle. Latency = 8.444091(0.865455, 1.718182, 0.480000, 0.948636, 3.500000, 0.931818) ns
[INFO]  5000 ns:{post-simulation}> D0_7_1_A0[IV] received 220 packets. BW = 0.183333 packets/cycle. Latency = 7.853182(0.865455, 1.718182, 0.480000, 0.984091, 2.890909, 0.914545) ns
[INFO]  5000 ns:{post-simulation}> D0_7_2_A0[IV] received 220 packets. BW = 0.183333 packets/cycle. Latency = 7.780455(0.865455, 1.718182, 0.480000, 0.920909, 2.872727, 0.923182) ns
[INFO]  5000 ns:{post-simulation}> D0_7_3_A0[IV] received 220 packets. BW = 0.183333 packets/cycle. Latency = 7.821364(0.865455, 1.718182, 0.480000, 0.948636, 2.877273, 0.931818) ns
[INFO]  5000 ns:{post-simulation}> D0_7_4_A0[IV] received 220 packets. BW = 0.183333 packets/cycle. Latency = 7.453182(0.865455, 1.718182, 0.480000, 0.916136, 2.554545, 0.918864) ns
[INFO]  5000 ns:{post-simulation}> D0_7_5_A0[IV] received 220 packets. BW = 0.183333 packets/cycle. Latency = 7.998636(0.865455, 1.718182, 0.480000, 0.962500, 3.036364, 0.936136) ns
[INFO]  5000 ns:{post-simulation}> D0_7_6_A0[IV] received 220 packets. BW = 0.183333 packets/cycle. Latency = 8.489545(0.865455, 1.718182, 0.480000, 0.979773, 3.527273, 0.918864) ns
[INFO]  5000 ns:{post-simulation}> D0_7_7_A0[IV] received 220 packets. BW = 0.183333 packets/cycle. Latency = 9.239545(0.865455, 1.718182, 0.480000, 0.948636, 4.295455, 0.931818) ns
